<?xml version="1.0" encoding="UTF-8"?>
<testsuite name="com.vincie.model.TimeBreakerTest" tests="1" skipped="0" failures="0" errors="0" timestamp="2022-01-21T21:08:56" hostname="MacBook-Air.local" time="0.172">
  <properties/>
  <testcase name="combineTime_givenARemainder_addsToAShortTime()" classname="com.vincie.model.TimeBreakerTest" time="0.172"/>
  <system-out><![CDATA[]]></system-out>
  <system-err><![CDATA[]]></system-err>
</testsuite>
